# JRE version: OpenJDK Runtime Environment JBR-17.0.4+7-469.53-jcef (17.0.4+7) (build 17.0.4+7-b469.53)
# Java VM: OpenJDK 64-Bit Server VM JBR-17.0.4+7-469.53-jcef (17.0.4+7-b469.53, mixed mode, tiered, compressed oops, compressed class ptrs, g1 gc, windows-amd64)
GC Precious Log:
 CPUs: 6 total, 6 available
 Memory: 16227M
 Large Page Support: Disabled
 NUMA Support: Disabled
 Compressed Oops: Enabled (32-bit)
 Heap Region Size: 1M
 Heap Min Capacity: 128M
 Heap Initial Capacity: 128M
 Heap Max Capacity: 750M
 Pre-touch: Disabled
 Parallel Workers: 6
 Concurrent Workers: 2
 Concurrent Refinement Workers: 6
 Periodic GC: Disabled
Heap:
 garbage-first heap   total 131072K, used 12283K [0x00000000d1200000, 0x0000000100000000)
  region size 1024K, 6 young (6144K), 0 survivors (0K)
 Metaspace       used 23861K, committed 24192K, reserved 1073152K
  class space    used 2397K, committed 2560K, reserved 1048576K
GC Heap History (20 events):
Event: 327601.438 GC heap before
{Heap before GC invocations=98 (full 90):
 garbage-first heap   total 131072K, used 12283K [0x00000000d1200000, 0x0000000100000000)
  region size 1024K, 6 young (6144K), 0 survivors (0K)
 Metaspace       used 23861K, committed 24192K, reserved 1073152K
  class space    used 2397K, committed 2560K, reserved 1048576K
}
Event: 327601.449 GC heap after
{Heap after GC invocations=99 (full 91):
 garbage-first heap   total 131072K, used 7163K [0x00000000d1200000, 0x0000000100000000)
  region size 1024K, 0 young (0K), 0 survivors (0K)
 Metaspace       used 23861K, committed 24192K, reserved 1073152K
  class space    used 2397K, committed 2560K, reserved 1048576K
}
Event: 331201.450 GC heap before
{Heap before GC invocations=99 (full 91):
 garbage-first heap   total 131072K, used 12283K [0x00000000d1200000, 0x0000000100000000)
  region size 1024K, 6 young (6144K), 0 survivors (0K)
 Metaspace       used 23861K, committed 24192K, reserved 1073152K
  class space    used 2397K, committed 2560K, reserved 1048576K
}
Event: 331201.458 GC heap after
{Heap after GC invocations=100 (full 92):
 garbage-first heap   total 131072K, used 7163K [0x00000000d1200000, 0x0000000100000000)
  region size 1024K, 0 young (0K), 0 survivors (0K)
 Metaspace       used 23861K, committed 24192K, reserved 1073152K
  class space    used 2397K, committed 2560K, reserved 1048576K
}
Event: 334801.460 GC heap before
{Heap before GC invocations=100 (full 92):
 garbage-first heap   total 131072K, used 12283K [0x00000000d1200000, 0x0000000100000000)
  region size 1024K, 6 young (6144K), 0 survivors (0K)
 Metaspace       used 23861K, committed 24192K, reserved 1073152K
  class space    used 2397K, committed 2560K, reserved 1048576K
}
Event: 334801.472 GC heap after
{Heap after GC invocations=101 (full 93):
 garbage-first heap   total 131072K, used 7163K [0x00000000d1200000, 0x0000000100000000)
  region size 1024K, 0 young (0K), 0 survivors (0K)
 Metaspace       used 23861K, committed 24192K, reserved 1073152K
  class space    used 2397K, committed 2560K, reserved 1048576K
}
Event: 338401.480 GC heap before
{Heap before GC invocations=101 (full 93):
 garbage-first heap   total 131072K, used 12283K [0x00000000d1200000, 0x0000000100000000)
  region size 1024K, 6 young (6144K), 0 survivors (0K)
 Metaspace       used 23861K, committed 24192K, reserved 1073152K
  class space    used 2397K, committed 2560K, reserved 1048576K
}
Event: 338401.489 GC heap after
{Heap after GC invocations=102 (full 94):
 garbage-first heap   total 131072K, used 7163K [0x00000000d1200000, 0x0000000100000000)
  region size 1024K, 0 young (0K), 0 survivors (0K)
 Metaspace       used 23861K, committed 24192K, reserved 1073152K
  class space    used 2397K, committed 2560K, reserved 1048576K
}
Event: 342001.490 GC heap before
{Heap before GC invocations=102 (full 94):
 garbage-first heap   total 131072K, used 12283K [0x00000000d1200000, 0x0000000100000000)
  region size 1024K, 6 young (6144K), 0 survivors (0K)
 Metaspace       used 23861K, committed 24192K, reserved 1073152K
  class space    used 2397K, committed 2560K, reserved 1048576K
}
Event: 342001.498 GC heap after
{Heap after GC invocations=103 (full 95):
 garbage-first heap   total 131072K, used 7163K [0x00000000d1200000, 0x0000000100000000)
  region size 1024K, 0 young (0K), 0 survivors (0K)
 Metaspace       used 23861K, committed 24192K, reserved 1073152K
  class space    used 2397K, committed 2560K, reserved 1048576K
}
Event: 345601.500 GC heap before
{Heap before GC invocations=103 (full 95):
 garbage-first heap   total 131072K, used 12283K [0x00000000d1200000, 0x0000000100000000)
  region size 1024K, 6 young (6144K), 0 survivors (0K)
 Metaspace       used 23861K, committed 24192K, reserved 1073152K
  class space    used 2397K, committed 2560K, reserved 1048576K
}
Event: 345601.512 GC heap after
{Heap after GC invocations=104 (full 96):
 garbage-first heap   total 131072K, used 7163K [0x00000000d1200000, 0x0000000100000000)
  region size 1024K, 0 young (0K), 0 survivors (0K)
 Metaspace       used 23861K, committed 24192K, reserved 1073152K
  class space    used 2397K, committed 2560K, reserved 1048576K
}
Event: 349201.512 GC heap before
{Heap before GC invocations=104 (full 96):
 garbage-first heap   total 131072K, used 12283K [0x00000000d1200000, 0x0000000100000000)
  region size 1024K, 6 young (6144K), 0 survivors (0K)
 Metaspace       used 23861K, committed 24192K, reserved 1073152K
  class space    used 2397K, committed 2560K, reserved 1048576K
}
Event: 349201.520 GC heap after
{Heap after GC invocations=105 (full 97):
 garbage-first heap   total 131072K, used 7163K [0x00000000d1200000, 0x0000000100000000)
  region size 1024K, 0 young (0K), 0 survivors (0K)
 Metaspace       used 23861K, committed 24192K, reserved 1073152K
  class space    used 2397K, committed 2560K, reserved 1048576K
}
Event: 352801.521 GC heap before
{Heap before GC invocations=105 (full 97):
 garbage-first heap   total 131072K, used 12283K [0x00000000d1200000, 0x0000000100000000)
  region size 1024K, 6 young (6144K), 0 survivors (0K)
 Metaspace       used 23861K, committed 24192K, reserved 1073152K
  class space    used 2397K, committed 2560K, reserved 1048576K
}
Event: 352801.535 GC heap after
{Heap after GC invocations=106 (full 98):
 garbage-first heap   total 131072K, used 7163K [0x00000000d1200000, 0x0000000100000000)
  region size 1024K, 0 young (0K), 0 survivors (0K)
 Metaspace       used 23861K, committed 24192K, reserved 1073152K
  class space    used 2397K, committed 2560K, reserved 1048576K
}
Event: 356401.535 GC heap before
{Heap before GC invocations=106 (full 98):
 garbage-first heap   total 131072K, used 12283K [0x00000000d1200000, 0x0000000100000000)
  region size 1024K, 6 young (6144K), 0 survivors (0K)
 Metaspace       used 23861K, committed 24192K, reserved 1073152K
  class space    used 2397K, committed 2560K, reserved 1048576K
}
Event: 356401.546 GC heap after
{Heap after GC invocations=107 (full 99):
 garbage-first heap   total 131072K, used 7163K [0x00000000d1200000, 0x0000000100000000)
  region size 1024K, 0 young (0K), 0 survivors (0K)
 Metaspace       used 23861K, committed 24192K, reserved 1073152K
  class space    used 2397K, committed 2560K, reserved 1048576K
}
Event: 360001.546 GC heap before
{Heap before GC invocations=107 (full 99):
 garbage-first heap   total 131072K, used 12283K [0x00000000d1200000, 0x0000000100000000)
  region size 1024K, 6 young (6144K), 0 survivors (0K)
 Metaspace       used 23861K, committed 24192K, reserved 1073152K
  class space    used 2397K, committed 2560K, reserved 1048576K
}
Event: 360001.558 GC heap after
{Heap after GC invocations=108 (full 100):
 garbage-first heap   total 131072K, used 7163K [0x00000000d1200000, 0x0000000100000000)
  region size 1024K, 0 young (0K), 0 survivors (0K)
 Metaspace       used 23861K, committed 24192K, reserved 1073152K
  class space    used 2397K, committed 2560K, reserved 1048576K
}

