# JRE version: OpenJDK Runtime Environment JBR-17.0.4+7-469.53-jcef (17.0.4+7) (build 17.0.4+7-b469.53)
# Java VM: OpenJDK 64-Bit Server VM JBR-17.0.4+7-469.53-jcef (17.0.4+7-b469.53, mixed mode, tiered, compressed oops, compressed class ptrs, g1 gc, windows-amd64)
GC Precious Log:
 CPUs: 6 total, 6 available
 Memory: 16227M
 Large Page Support: Disabled
 NUMA Support: Disabled
 Compressed Oops: Enabled (32-bit)
 Heap Region Size: 1M
 Heap Min Capacity: 128M
 Heap Initial Capacity: 128M
 Heap Max Capacity: 750M
 Pre-touch: Disabled
 Parallel Workers: 6
 Concurrent Workers: 2
 Concurrent Refinement Workers: 6
 Periodic GC: Disabled
Heap:
 garbage-first heap   total 131072K, used 11463K [0x00000000d1200000, 0x0000000100000000)
  region size 1024K, 6 young (6144K), 0 survivors (0K)
 Metaspace       used 26921K, committed 27456K, reserved 1081344K
  class space    used 2642K, committed 2816K, reserved 1048576K
GC Heap History (20 events):
Event: 1702.900 GC heap before
{Heap before GC invocations=13 (full 0):
 garbage-first heap   total 131072K, used 81852K [0x00000000d1200000, 0x0000000100000000)
  region size 1024K, 76 young (77824K), 4 survivors (4096K)
 Metaspace       used 26557K, committed 26816K, reserved 1073152K
  class space    used 2640K, committed 2752K, reserved 1048576K
}
Event: 1702.902 GC heap after
{Heap after GC invocations=14 (full 0):
 garbage-first heap   total 131072K, used 9029K [0x00000000d1200000, 0x0000000100000000)
  region size 1024K, 4 young (4096K), 4 survivors (4096K)
 Metaspace       used 26557K, committed 26816K, reserved 1073152K
  class space    used 2640K, committed 2752K, reserved 1048576K
}
Event: 1740.820 GC heap before
{Heap before GC invocations=14 (full 0):
 garbage-first heap   total 131072K, used 82757K [0x00000000d1200000, 0x0000000100000000)
  region size 1024K, 76 young (77824K), 4 survivors (4096K)
 Metaspace       used 26561K, committed 26816K, reserved 1073152K
  class space    used 2640K, committed 2752K, reserved 1048576K
}
Event: 1740.827 GC heap after
{Heap after GC invocations=15 (full 0):
 garbage-first heap   total 131072K, used 9799K [0x00000000d1200000, 0x0000000100000000)
  region size 1024K, 5 young (5120K), 5 survivors (5120K)
 Metaspace       used 26561K, committed 26816K, reserved 1073152K
  class space    used 2640K, committed 2752K, reserved 1048576K
}
Event: 3601.210 GC heap before
{Heap before GC invocations=15 (full 0):
 garbage-first heap   total 131072K, used 45639K [0x00000000d1200000, 0x0000000100000000)
  region size 1024K, 41 young (41984K), 5 survivors (5120K)
 Metaspace       used 26670K, committed 27008K, reserved 1081344K
  class space    used 2652K, committed 2816K, reserved 1048576K
}
Event: 3601.230 GC heap after
{Heap after GC invocations=16 (full 1):
 garbage-first heap   total 131072K, used 6809K [0x00000000d1200000, 0x0000000100000000)
  region size 1024K, 0 young (0K), 0 survivors (0K)
 Metaspace       used 26522K, committed 27008K, reserved 1081344K
  class space    used 2617K, committed 2816K, reserved 1048576K
}
Event: 7201.231 GC heap before
{Heap before GC invocations=16 (full 1):
 garbage-first heap   total 131072K, used 22169K [0x00000000d1200000, 0x0000000100000000)
  region size 1024K, 16 young (16384K), 0 survivors (0K)
 Metaspace       used 26543K, committed 27008K, reserved 1081344K
  class space    used 2621K, committed 2816K, reserved 1048576K
}
Event: 7201.248 GC heap after
{Heap after GC invocations=17 (full 2):
 garbage-first heap   total 131072K, used 6808K [0x00000000d1200000, 0x0000000100000000)
  region size 1024K, 0 young (0K), 0 survivors (0K)
 Metaspace       used 26484K, committed 27008K, reserved 1081344K
  class space    used 2612K, committed 2816K, reserved 1048576K
}
Event: 10801.250 GC heap before
{Heap before GC invocations=17 (full 2):
 garbage-first heap   total 131072K, used 18072K [0x00000000d1200000, 0x0000000100000000)
  region size 1024K, 12 young (12288K), 0 survivors (0K)
 Metaspace       used 26488K, committed 27008K, reserved 1081344K
  class space    used 2612K, committed 2816K, reserved 1048576K
}
Event: 10801.272 GC heap after
{Heap after GC invocations=18 (full 3):
 garbage-first heap   total 131072K, used 6612K [0x00000000d1200000, 0x0000000100000000)
  region size 1024K, 0 young (0K), 0 survivors (0K)
 Metaspace       used 26462K, committed 27008K, reserved 1081344K
  class space    used 2608K, committed 2816K, reserved 1048576K
}
Event: 14401.274 GC heap before
{Heap before GC invocations=18 (full 3):
 garbage-first heap   total 131072K, used 11732K [0x00000000d1200000, 0x0000000100000000)
  region size 1024K, 6 young (6144K), 0 survivors (0K)
 Metaspace       used 26467K, committed 27008K, reserved 1081344K
  class space    used 2608K, committed 2816K, reserved 1048576K
}
Event: 14401.290 GC heap after
{Heap after GC invocations=19 (full 4):
 garbage-first heap   total 131072K, used 6438K [0x00000000d1200000, 0x0000000100000000)
  region size 1024K, 0 young (0K), 0 survivors (0K)
 Metaspace       used 26362K, committed 27008K, reserved 1081344K
  class space    used 2590K, committed 2816K, reserved 1048576K
}
Event: 18001.292 GC heap before
{Heap before GC invocations=19 (full 4):
 garbage-first heap   total 131072K, used 18726K [0x00000000d1200000, 0x0000000100000000)
  region size 1024K, 13 young (13312K), 0 survivors (0K)
 Metaspace       used 26471K, committed 27008K, reserved 1081344K
  class space    used 2606K, committed 2816K, reserved 1048576K
}
Event: 18001.307 GC heap after
{Heap after GC invocations=20 (full 5):
 garbage-first heap   total 131072K, used 6743K [0x00000000d1200000, 0x0000000100000000)
  region size 1024K, 0 young (0K), 0 survivors (0K)
 Metaspace       used 26471K, committed 27008K, reserved 1081344K
  class space    used 2606K, committed 2816K, reserved 1048576K
}
Event: 21601.309 GC heap before
{Heap before GC invocations=20 (full 5):
 garbage-first heap   total 131072K, used 56919K [0x00000000d1200000, 0x0000000100000000)
  region size 1024K, 50 young (51200K), 0 survivors (0K)
 Metaspace       used 26568K, committed 27072K, reserved 1081344K
  class space    used 2616K, committed 2816K, reserved 1048576K
}
Event: 21601.336 GC heap after
{Heap after GC invocations=21 (full 6):
 garbage-first heap   total 131072K, used 6970K [0x00000000d1200000, 0x0000000100000000)
  region size 1024K, 0 young (0K), 0 survivors (0K)
 Metaspace       used 26568K, committed 27072K, reserved 1081344K
  class space    used 2616K, committed 2816K, reserved 1048576K
}
Event: 25201.338 GC heap before
{Heap before GC invocations=21 (full 6):
 garbage-first heap   total 131072K, used 16186K [0x00000000d1200000, 0x0000000100000000)
  region size 1024K, 10 young (10240K), 0 survivors (0K)
 Metaspace       used 26602K, committed 27072K, reserved 1081344K
  class space    used 2620K, committed 2816K, reserved 1048576K
}
Event: 25201.354 GC heap after
{Heap after GC invocations=22 (full 7):
 garbage-first heap   total 131072K, used 6864K [0x00000000d1200000, 0x0000000100000000)
  region size 1024K, 0 young (0K), 0 survivors (0K)
 Metaspace       used 26602K, committed 27072K, reserved 1081344K
  class space    used 2620K, committed 2816K, reserved 1048576K
}
Event: 28801.355 GC heap before
{Heap before GC invocations=22 (full 7):
 garbage-first heap   total 131072K, used 17104K [0x00000000d1200000, 0x0000000100000000)
  region size 1024K, 11 young (11264K), 0 survivors (0K)
 Metaspace       used 26606K, committed 27072K, reserved 1081344K
  class space    used 2620K, committed 2816K, reserved 1048576K
}
Event: 28801.396 GC heap after
{Heap after GC invocations=23 (full 8):
 garbage-first heap   total 131072K, used 6343K [0x00000000d1200000, 0x0000000100000000)
  region size 1024K, 0 young (0K), 0 survivors (0K)
 Metaspace       used 26443K, committed 27072K, reserved 1081344K
  class space    used 2592K, committed 2816K, reserved 1048576K
}

