# JRE version: OpenJDK Runtime Environment JBR-17.0.4+7-469.53-jcef (17.0.4+7) (build 17.0.4+7-b469.53)
# Java VM: OpenJDK 64-Bit Server VM JBR-17.0.4+7-469.53-jcef (17.0.4+7-b469.53, mixed mode, tiered, compressed oops, compressed class ptrs, g1 gc, windows-amd64)
GC Precious Log:
 CPUs: 6 total, 6 available
 Memory: 16227M
 Large Page Support: Disabled
 NUMA Support: Disabled
 Compressed Oops: Enabled (32-bit)
 Heap Region Size: 1M
 Heap Min Capacity: 128M
 Heap Initial Capacity: 128M
 Heap Max Capacity: 750M
 Pre-touch: Disabled
 Parallel Workers: 6
 Concurrent Workers: 2
 Concurrent Refinement Workers: 6
 Periodic GC: Disabled
Heap:
 garbage-first heap   total 131072K, used 9882K [0x00000000d1200000, 0x0000000100000000)
  region size 1024K, 5 young (5120K), 0 survivors (0K)
 Metaspace       used 24028K, committed 24384K, reserved 1073152K
  class space    used 2426K, committed 2560K, reserved 1048576K
GC Heap History (20 events):
Event: 295202.240 GC heap before
{Heap before GC invocations=84 (full 81):
 garbage-first heap   total 131072K, used 10906K [0x00000000d1200000, 0x0000000100000000)
  region size 1024K, 6 young (6144K), 0 survivors (0K)
 Metaspace       used 23948K, committed 24384K, reserved 1073152K
  class space    used 2416K, committed 2560K, reserved 1048576K
}
Event: 295202.250 GC heap after
{Heap after GC invocations=85 (full 82):
 garbage-first heap   total 131072K, used 5786K [0x00000000d1200000, 0x0000000100000000)
  region size 1024K, 0 young (0K), 0 survivors (0K)
 Metaspace       used 23948K, committed 24384K, reserved 1073152K
  class space    used 2416K, committed 2560K, reserved 1048576K
}
Event: 298802.252 GC heap before
{Heap before GC invocations=85 (full 82):
 garbage-first heap   total 131072K, used 11930K [0x00000000d1200000, 0x0000000100000000)
  region size 1024K, 7 young (7168K), 0 survivors (0K)
 Metaspace       used 23948K, committed 24384K, reserved 1073152K
  class space    used 2416K, committed 2560K, reserved 1048576K
}
Event: 298802.264 GC heap after
{Heap after GC invocations=86 (full 83):
 garbage-first heap   total 131072K, used 5786K [0x00000000d1200000, 0x0000000100000000)
  region size 1024K, 0 young (0K), 0 survivors (0K)
 Metaspace       used 23948K, committed 24384K, reserved 1073152K
  class space    used 2416K, committed 2560K, reserved 1048576K
}
Event: 302402.265 GC heap before
{Heap before GC invocations=86 (full 83):
 garbage-first heap   total 131072K, used 11930K [0x00000000d1200000, 0x0000000100000000)
  region size 1024K, 7 young (7168K), 0 survivors (0K)
 Metaspace       used 23954K, committed 24384K, reserved 1073152K
  class space    used 2416K, committed 2560K, reserved 1048576K
}
Event: 302402.275 GC heap after
{Heap after GC invocations=87 (full 84):
 garbage-first heap   total 131072K, used 5786K [0x00000000d1200000, 0x0000000100000000)
  region size 1024K, 0 young (0K), 0 survivors (0K)
 Metaspace       used 23954K, committed 24384K, reserved 1073152K
  class space    used 2416K, committed 2560K, reserved 1048576K
}
Event: 306002.276 GC heap before
{Heap before GC invocations=87 (full 84):
 garbage-first heap   total 131072K, used 11930K [0x00000000d1200000, 0x0000000100000000)
  region size 1024K, 7 young (7168K), 0 survivors (0K)
 Metaspace       used 23954K, committed 24384K, reserved 1073152K
  class space    used 2416K, committed 2560K, reserved 1048576K
}
Event: 306002.289 GC heap after
{Heap after GC invocations=88 (full 85):
 garbage-first heap   total 131072K, used 5786K [0x00000000d1200000, 0x0000000100000000)
  region size 1024K, 0 young (0K), 0 survivors (0K)
 Metaspace       used 23954K, committed 24384K, reserved 1073152K
  class space    used 2416K, committed 2560K, reserved 1048576K
}
Event: 309602.290 GC heap before
{Heap before GC invocations=88 (full 85):
 garbage-first heap   total 131072K, used 10906K [0x00000000d1200000, 0x0000000100000000)
  region size 1024K, 6 young (6144K), 0 survivors (0K)
 Metaspace       used 23954K, committed 24384K, reserved 1073152K
  class space    used 2416K, committed 2560K, reserved 1048576K
}
Event: 309602.305 GC heap after
{Heap after GC invocations=89 (full 86):
 garbage-first heap   total 131072K, used 5786K [0x00000000d1200000, 0x0000000100000000)
  region size 1024K, 0 young (0K), 0 survivors (0K)
 Metaspace       used 23954K, committed 24384K, reserved 1073152K
  class space    used 2416K, committed 2560K, reserved 1048576K
}
Event: 313202.307 GC heap before
{Heap before GC invocations=89 (full 86):
 garbage-first heap   total 131072K, used 10906K [0x00000000d1200000, 0x0000000100000000)
  region size 1024K, 6 young (6144K), 0 survivors (0K)
 Metaspace       used 23955K, committed 24384K, reserved 1073152K
  class space    used 2416K, committed 2560K, reserved 1048576K
}
Event: 313202.318 GC heap after
{Heap after GC invocations=90 (full 87):
 garbage-first heap   total 131072K, used 5786K [0x00000000d1200000, 0x0000000100000000)
  region size 1024K, 0 young (0K), 0 survivors (0K)
 Metaspace       used 23955K, committed 24384K, reserved 1073152K
  class space    used 2416K, committed 2560K, reserved 1048576K
}
Event: 316802.320 GC heap before
{Heap before GC invocations=90 (full 87):
 garbage-first heap   total 131072K, used 10906K [0x00000000d1200000, 0x0000000100000000)
  region size 1024K, 6 young (6144K), 0 survivors (0K)
 Metaspace       used 23955K, committed 24384K, reserved 1073152K
  class space    used 2416K, committed 2560K, reserved 1048576K
}
Event: 316802.331 GC heap after
{Heap after GC invocations=91 (full 88):
 garbage-first heap   total 131072K, used 5786K [0x00000000d1200000, 0x0000000100000000)
  region size 1024K, 0 young (0K), 0 survivors (0K)
 Metaspace       used 23955K, committed 24384K, reserved 1073152K
  class space    used 2416K, committed 2560K, reserved 1048576K
}
Event: 320402.332 GC heap before
{Heap before GC invocations=91 (full 88):
 garbage-first heap   total 131072K, used 11930K [0x00000000d1200000, 0x0000000100000000)
  region size 1024K, 7 young (7168K), 0 survivors (0K)
 Metaspace       used 23964K, committed 24384K, reserved 1073152K
  class space    used 2416K, committed 2560K, reserved 1048576K
}
Event: 320402.345 GC heap after
{Heap after GC invocations=92 (full 89):
 garbage-first heap   total 131072K, used 5786K [0x00000000d1200000, 0x0000000100000000)
  region size 1024K, 0 young (0K), 0 survivors (0K)
 Metaspace       used 23964K, committed 24384K, reserved 1073152K
  class space    used 2416K, committed 2560K, reserved 1048576K
}
Event: 324002.346 GC heap before
{Heap before GC invocations=92 (full 89):
 garbage-first heap   total 131072K, used 17050K [0x00000000d1200000, 0x0000000100000000)
  region size 1024K, 12 young (12288K), 0 survivors (0K)
 Metaspace       used 23964K, committed 24384K, reserved 1073152K
  class space    used 2416K, committed 2560K, reserved 1048576K
}
Event: 324002.370 GC heap after
{Heap after GC invocations=93 (full 90):
 garbage-first heap   total 131072K, used 5786K [0x00000000d1200000, 0x0000000100000000)
  region size 1024K, 0 young (0K), 0 survivors (0K)
 Metaspace       used 23964K, committed 24384K, reserved 1073152K
  class space    used 2416K, committed 2560K, reserved 1048576K
}
Event: 327602.371 GC heap before
{Heap before GC invocations=93 (full 90):
 garbage-first heap   total 131072K, used 17050K [0x00000000d1200000, 0x0000000100000000)
  region size 1024K, 12 young (12288K), 0 survivors (0K)
 Metaspace       used 23965K, committed 24384K, reserved 1073152K
  class space    used 2416K, committed 2560K, reserved 1048576K
}
Event: 327602.382 GC heap after
{Heap after GC invocations=94 (full 91):
 garbage-first heap   total 131072K, used 5786K [0x00000000d1200000, 0x0000000100000000)
  region size 1024K, 0 young (0K), 0 survivors (0K)
 Metaspace       used 23965K, committed 24384K, reserved 1073152K
  class space    used 2416K, committed 2560K, reserved 1048576K
}

