# JRE version: OpenJDK Runtime Environment JBR-17.0.4+7-469.53-jcef (17.0.4+7) (build 17.0.4+7-b469.53)
# Java VM: OpenJDK 64-Bit Server VM JBR-17.0.4+7-469.53-jcef (17.0.4+7-b469.53, mixed mode, tiered, compressed oops, compressed class ptrs, g1 gc, windows-amd64)
GC Precious Log:
 CPUs: 6 total, 6 available
 Memory: 16227M
 Large Page Support: Disabled
 NUMA Support: Disabled
 Compressed Oops: Enabled (32-bit)
 Heap Region Size: 1M
 Heap Min Capacity: 128M
 Heap Initial Capacity: 128M
 Heap Max Capacity: 750M
 Pre-touch: Disabled
 Parallel Workers: 6
 Concurrent Workers: 2
 Concurrent Refinement Workers: 6
 Periodic GC: Disabled
Heap:
 garbage-first heap   total 131072K, used 19602K [0x00000000d1200000, 0x0000000100000000)
  region size 1024K, 9 young (9216K), 0 survivors (0K)
 Metaspace       used 24788K, committed 25152K, reserved 1073152K
  class space    used 2444K, committed 2624K, reserved 1048576K
GC Heap History (20 events):
Event: 277204.313 GC heap before
{Heap before GC invocations=123 (full 76):
 garbage-first heap   total 131072K, used 16530K [0x00000000d1200000, 0x0000000100000000)
  region size 1024K, 6 young (6144K), 0 survivors (0K)
 Metaspace       used 24784K, committed 25152K, reserved 1073152K
  class space    used 2444K, committed 2624K, reserved 1048576K
}
Event: 277204.323 GC heap after
{Heap after GC invocations=124 (full 77):
 garbage-first heap   total 131072K, used 11410K [0x00000000d1200000, 0x0000000100000000)
  region size 1024K, 0 young (0K), 0 survivors (0K)
 Metaspace       used 24784K, committed 25152K, reserved 1073152K
  class space    used 2444K, committed 2624K, reserved 1048576K
}
Event: 280804.324 GC heap before
{Heap before GC invocations=124 (full 77):
 garbage-first heap   total 131072K, used 15506K [0x00000000d1200000, 0x0000000100000000)
  region size 1024K, 5 young (5120K), 0 survivors (0K)
 Metaspace       used 24784K, committed 25152K, reserved 1073152K
  class space    used 2444K, committed 2624K, reserved 1048576K
}
Event: 280804.334 GC heap after
{Heap after GC invocations=125 (full 78):
 garbage-first heap   total 131072K, used 11410K [0x00000000d1200000, 0x0000000100000000)
  region size 1024K, 0 young (0K), 0 survivors (0K)
 Metaspace       used 24784K, committed 25152K, reserved 1073152K
  class space    used 2444K, committed 2624K, reserved 1048576K
}
Event: 284404.335 GC heap before
{Heap before GC invocations=125 (full 78):
 garbage-first heap   total 131072K, used 14482K [0x00000000d1200000, 0x0000000100000000)
  region size 1024K, 5 young (5120K), 0 survivors (0K)
 Metaspace       used 24784K, committed 25152K, reserved 1073152K
  class space    used 2444K, committed 2624K, reserved 1048576K
}
Event: 284404.344 GC heap after
{Heap after GC invocations=126 (full 79):
 garbage-first heap   total 131072K, used 11410K [0x00000000d1200000, 0x0000000100000000)
  region size 1024K, 0 young (0K), 0 survivors (0K)
 Metaspace       used 24784K, committed 25152K, reserved 1073152K
  class space    used 2444K, committed 2624K, reserved 1048576K
}
Event: 288004.345 GC heap before
{Heap before GC invocations=126 (full 79):
 garbage-first heap   total 131072K, used 14482K [0x00000000d1200000, 0x0000000100000000)
  region size 1024K, 5 young (5120K), 0 survivors (0K)
 Metaspace       used 24784K, committed 25152K, reserved 1073152K
  class space    used 2444K, committed 2624K, reserved 1048576K
}
Event: 288004.355 GC heap after
{Heap after GC invocations=127 (full 80):
 garbage-first heap   total 131072K, used 11410K [0x00000000d1200000, 0x0000000100000000)
  region size 1024K, 0 young (0K), 0 survivors (0K)
 Metaspace       used 24784K, committed 25152K, reserved 1073152K
  class space    used 2444K, committed 2624K, reserved 1048576K
}
Event: 291604.356 GC heap before
{Heap before GC invocations=127 (full 80):
 garbage-first heap   total 131072K, used 15506K [0x00000000d1200000, 0x0000000100000000)
  region size 1024K, 5 young (5120K), 0 survivors (0K)
 Metaspace       used 24785K, committed 25152K, reserved 1073152K
  class space    used 2444K, committed 2624K, reserved 1048576K
}
Event: 291604.364 GC heap after
{Heap after GC invocations=128 (full 81):
 garbage-first heap   total 131072K, used 11410K [0x00000000d1200000, 0x0000000100000000)
  region size 1024K, 0 young (0K), 0 survivors (0K)
 Metaspace       used 24785K, committed 25152K, reserved 1073152K
  class space    used 2444K, committed 2624K, reserved 1048576K
}
Event: 295204.365 GC heap before
{Heap before GC invocations=128 (full 81):
 garbage-first heap   total 131072K, used 15506K [0x00000000d1200000, 0x0000000100000000)
  region size 1024K, 5 young (5120K), 0 survivors (0K)
 Metaspace       used 24785K, committed 25152K, reserved 1073152K
  class space    used 2444K, committed 2624K, reserved 1048576K
}
Event: 295204.378 GC heap after
{Heap after GC invocations=129 (full 82):
 garbage-first heap   total 131072K, used 11410K [0x00000000d1200000, 0x0000000100000000)
  region size 1024K, 0 young (0K), 0 survivors (0K)
 Metaspace       used 24785K, committed 25152K, reserved 1073152K
  class space    used 2444K, committed 2624K, reserved 1048576K
}
Event: 298804.379 GC heap before
{Heap before GC invocations=129 (full 82):
 garbage-first heap   total 131072K, used 16530K [0x00000000d1200000, 0x0000000100000000)
  region size 1024K, 6 young (6144K), 0 survivors (0K)
 Metaspace       used 24785K, committed 25152K, reserved 1073152K
  class space    used 2444K, committed 2624K, reserved 1048576K
}
Event: 298804.389 GC heap after
{Heap after GC invocations=130 (full 83):
 garbage-first heap   total 131072K, used 11410K [0x00000000d1200000, 0x0000000100000000)
  region size 1024K, 0 young (0K), 0 survivors (0K)
 Metaspace       used 24785K, committed 25152K, reserved 1073152K
  class space    used 2444K, committed 2624K, reserved 1048576K
}
Event: 302404.390 GC heap before
{Heap before GC invocations=130 (full 83):
 garbage-first heap   total 131072K, used 15506K [0x00000000d1200000, 0x0000000100000000)
  region size 1024K, 5 young (5120K), 0 survivors (0K)
 Metaspace       used 24788K, committed 25152K, reserved 1073152K
  class space    used 2444K, committed 2624K, reserved 1048576K
}
Event: 302404.404 GC heap after
{Heap after GC invocations=131 (full 84):
 garbage-first heap   total 131072K, used 11410K [0x00000000d1200000, 0x0000000100000000)
  region size 1024K, 0 young (0K), 0 survivors (0K)
 Metaspace       used 24788K, committed 25152K, reserved 1073152K
  class space    used 2444K, committed 2624K, reserved 1048576K
}
Event: 306004.404 GC heap before
{Heap before GC invocations=131 (full 84):
 garbage-first heap   total 131072K, used 15506K [0x00000000d1200000, 0x0000000100000000)
  region size 1024K, 5 young (5120K), 0 survivors (0K)
 Metaspace       used 24788K, committed 25152K, reserved 1073152K
  class space    used 2444K, committed 2624K, reserved 1048576K
}
Event: 306004.413 GC heap after
{Heap after GC invocations=132 (full 85):
 garbage-first heap   total 131072K, used 11410K [0x00000000d1200000, 0x0000000100000000)
  region size 1024K, 0 young (0K), 0 survivors (0K)
 Metaspace       used 24788K, committed 25152K, reserved 1073152K
  class space    used 2444K, committed 2624K, reserved 1048576K
}
Event: 309604.414 GC heap before
{Heap before GC invocations=132 (full 85):
 garbage-first heap   total 131072K, used 15506K [0x00000000d1200000, 0x0000000100000000)
  region size 1024K, 5 young (5120K), 0 survivors (0K)
 Metaspace       used 24788K, committed 25152K, reserved 1073152K
  class space    used 2444K, committed 2624K, reserved 1048576K
}
Event: 309604.428 GC heap after
{Heap after GC invocations=133 (full 86):
 garbage-first heap   total 131072K, used 11410K [0x00000000d1200000, 0x0000000100000000)
  region size 1024K, 0 young (0K), 0 survivors (0K)
 Metaspace       used 24788K, committed 25152K, reserved 1073152K
  class space    used 2444K, committed 2624K, reserved 1048576K
}

