# JRE version: OpenJDK Runtime Environment JBR-17.0.4+7-469.53-jcef (17.0.4+7) (build 17.0.4+7-b469.53)
# Java VM: OpenJDK 64-Bit Server VM JBR-17.0.4+7-469.53-jcef (17.0.4+7-b469.53, mixed mode, tiered, compressed oops, compressed class ptrs, g1 gc, windows-amd64)
GC Precious Log:
 CPUs: 6 total, 6 available
 Memory: 16227M
 Large Page Support: Disabled
 NUMA Support: Disabled
 Compressed Oops: Enabled (32-bit)
 Heap Region Size: 1M
 Heap Min Capacity: 128M
 Heap Initial Capacity: 128M
 Heap Max Capacity: 750M
 Pre-touch: Disabled
 Parallel Workers: 6
 Concurrent Workers: 2
 Concurrent Refinement Workers: 6
 Periodic GC: Disabled
Heap:
 garbage-first heap   total 131072K, used 13203K [0x00000000d1200000, 0x0000000100000000)
  region size 1024K, 8 young (8192K), 0 survivors (0K)
 Metaspace       used 25344K, committed 25792K, reserved 1073152K
  class space    used 2525K, committed 2688K, reserved 1048576K
GC Heap History (20 events):
Event: 288002.255 GC heap before
{Heap before GC invocations=83 (full 79):
 garbage-first heap   total 131072K, used 11153K [0x00000000d1200000, 0x0000000100000000)
  region size 1024K, 6 young (6144K), 0 survivors (0K)
 Metaspace       used 25067K, committed 25600K, reserved 1073152K
  class space    used 2491K, committed 2688K, reserved 1048576K
}
Event: 288002.283 GC heap after
{Heap after GC invocations=84 (full 80):
 garbage-first heap   total 131072K, used 6031K [0x00000000d1200000, 0x0000000100000000)
  region size 1024K, 0 young (0K), 0 survivors (0K)
 Metaspace       used 25063K, committed 25600K, reserved 1073152K
  class space    used 2490K, committed 2688K, reserved 1048576K
}
Event: 291602.284 GC heap before
{Heap before GC invocations=84 (full 80):
 garbage-first heap   total 131072K, used 12175K [0x00000000d1200000, 0x0000000100000000)
  region size 1024K, 7 young (7168K), 0 survivors (0K)
 Metaspace       used 25067K, committed 25600K, reserved 1073152K
  class space    used 2491K, committed 2688K, reserved 1048576K
}
Event: 291602.299 GC heap after
{Heap after GC invocations=85 (full 81):
 garbage-first heap   total 131072K, used 6038K [0x00000000d1200000, 0x0000000100000000)
  region size 1024K, 0 young (0K), 0 survivors (0K)
 Metaspace       used 25067K, committed 25600K, reserved 1073152K
  class space    used 2491K, committed 2688K, reserved 1048576K
}
Event: 295202.300 GC heap before
{Heap before GC invocations=85 (full 81):
 garbage-first heap   total 131072K, used 12182K [0x00000000d1200000, 0x0000000100000000)
  region size 1024K, 7 young (7168K), 0 survivors (0K)
 Metaspace       used 25067K, committed 25600K, reserved 1073152K
  class space    used 2491K, committed 2688K, reserved 1048576K
}
Event: 295202.313 GC heap after
{Heap after GC invocations=86 (full 82):
 garbage-first heap   total 131072K, used 6034K [0x00000000d1200000, 0x0000000100000000)
  region size 1024K, 0 young (0K), 0 survivors (0K)
 Metaspace       used 25067K, committed 25600K, reserved 1073152K
  class space    used 2491K, committed 2688K, reserved 1048576K
}
Event: 298802.314 GC heap before
{Heap before GC invocations=86 (full 82):
 garbage-first heap   total 131072K, used 12178K [0x00000000d1200000, 0x0000000100000000)
  region size 1024K, 7 young (7168K), 0 survivors (0K)
 Metaspace       used 25067K, committed 25600K, reserved 1073152K
  class space    used 2491K, committed 2688K, reserved 1048576K
}
Event: 298802.327 GC heap after
{Heap after GC invocations=87 (full 83):
 garbage-first heap   total 131072K, used 6034K [0x00000000d1200000, 0x0000000100000000)
  region size 1024K, 0 young (0K), 0 survivors (0K)
 Metaspace       used 25067K, committed 25600K, reserved 1073152K
  class space    used 2491K, committed 2688K, reserved 1048576K
}
Event: 302402.328 GC heap before
{Heap before GC invocations=87 (full 83):
 garbage-first heap   total 131072K, used 12178K [0x00000000d1200000, 0x0000000100000000)
  region size 1024K, 7 young (7168K), 0 survivors (0K)
 Metaspace       used 25072K, committed 25600K, reserved 1073152K
  class space    used 2491K, committed 2688K, reserved 1048576K
}
Event: 302402.341 GC heap after
{Heap after GC invocations=88 (full 84):
 garbage-first heap   total 131072K, used 6034K [0x00000000d1200000, 0x0000000100000000)
  region size 1024K, 0 young (0K), 0 survivors (0K)
 Metaspace       used 25072K, committed 25600K, reserved 1073152K
  class space    used 2491K, committed 2688K, reserved 1048576K
}
Event: 306002.342 GC heap before
{Heap before GC invocations=88 (full 84):
 garbage-first heap   total 131072K, used 12178K [0x00000000d1200000, 0x0000000100000000)
  region size 1024K, 7 young (7168K), 0 survivors (0K)
 Metaspace       used 25072K, committed 25600K, reserved 1073152K
  class space    used 2491K, committed 2688K, reserved 1048576K
}
Event: 306002.357 GC heap after
{Heap after GC invocations=89 (full 85):
 garbage-first heap   total 131072K, used 6034K [0x00000000d1200000, 0x0000000100000000)
  region size 1024K, 0 young (0K), 0 survivors (0K)
 Metaspace       used 25072K, committed 25600K, reserved 1073152K
  class space    used 2491K, committed 2688K, reserved 1048576K
}
Event: 309602.357 GC heap before
{Heap before GC invocations=89 (full 85):
 garbage-first heap   total 131072K, used 12178K [0x00000000d1200000, 0x0000000100000000)
  region size 1024K, 7 young (7168K), 0 survivors (0K)
 Metaspace       used 25072K, committed 25600K, reserved 1073152K
  class space    used 2491K, committed 2688K, reserved 1048576K
}
Event: 309602.367 GC heap after
{Heap after GC invocations=90 (full 86):
 garbage-first heap   total 131072K, used 6034K [0x00000000d1200000, 0x0000000100000000)
  region size 1024K, 0 young (0K), 0 survivors (0K)
 Metaspace       used 25072K, committed 25600K, reserved 1073152K
  class space    used 2491K, committed 2688K, reserved 1048576K
}
Event: 313202.368 GC heap before
{Heap before GC invocations=90 (full 86):
 garbage-first heap   total 131072K, used 13202K [0x00000000d1200000, 0x0000000100000000)
  region size 1024K, 8 young (8192K), 0 survivors (0K)
 Metaspace       used 25072K, committed 25600K, reserved 1073152K
  class space    used 2491K, committed 2688K, reserved 1048576K
}
Event: 313202.382 GC heap after
{Heap after GC invocations=91 (full 87):
 garbage-first heap   total 131072K, used 6034K [0x00000000d1200000, 0x0000000100000000)
  region size 1024K, 0 young (0K), 0 survivors (0K)
 Metaspace       used 25072K, committed 25600K, reserved 1073152K
  class space    used 2491K, committed 2688K, reserved 1048576K
}
Event: 316802.383 GC heap before
{Heap before GC invocations=91 (full 87):
 garbage-first heap   total 131072K, used 20370K [0x00000000d1200000, 0x0000000100000000)
  region size 1024K, 15 young (15360K), 0 survivors (0K)
 Metaspace       used 25084K, committed 25600K, reserved 1073152K
  class space    used 2491K, committed 2688K, reserved 1048576K
}
Event: 316802.397 GC heap after
{Heap after GC invocations=92 (full 88):
 garbage-first heap   total 131072K, used 6035K [0x00000000d1200000, 0x0000000100000000)
  region size 1024K, 0 young (0K), 0 survivors (0K)
 Metaspace       used 25084K, committed 25600K, reserved 1073152K
  class space    used 2491K, committed 2688K, reserved 1048576K
}
Event: 320402.398 GC heap before
{Heap before GC invocations=92 (full 88):
 garbage-first heap   total 131072K, used 22419K [0x00000000d1200000, 0x0000000100000000)
  region size 1024K, 17 young (17408K), 0 survivors (0K)
 Metaspace       used 25084K, committed 25600K, reserved 1073152K
  class space    used 2491K, committed 2688K, reserved 1048576K
}
Event: 320402.410 GC heap after
{Heap after GC invocations=93 (full 89):
 garbage-first heap   total 131072K, used 6035K [0x00000000d1200000, 0x0000000100000000)
  region size 1024K, 0 young (0K), 0 survivors (0K)
 Metaspace       used 25084K, committed 25600K, reserved 1073152K
  class space    used 2491K, committed 2688K, reserved 1048576K
}

