# JRE version: OpenJDK Runtime Environment JBR-17.0.4+7-469.53-jcef (17.0.4+7) (build 17.0.4+7-b469.53)
# Java VM: OpenJDK 64-Bit Server VM JBR-17.0.4+7-469.53-jcef (17.0.4+7-b469.53, mixed mode, tiered, compressed oops, compressed class ptrs, g1 gc, windows-amd64)
GC Precious Log:
 CPUs: 6 total, 6 available
 Memory: 16227M
 Large Page Support: Disabled
 NUMA Support: Disabled
 Compressed Oops: Enabled (32-bit)
 Heap Region Size: 1M
 Heap Min Capacity: 128M
 Heap Initial Capacity: 128M
 Heap Max Capacity: 750M
 Pre-touch: Disabled
 Parallel Workers: 6
 Concurrent Workers: 2
 Concurrent Refinement Workers: 6
 Periodic GC: Disabled
Heap:
 garbage-first heap   total 131072K, used 55838K [0x00000000d1200000, 0x0000000100000000)
  region size 1024K, 48 young (49152K), 0 survivors (0K)
 Metaspace       used 24434K, committed 24704K, reserved 1073152K
  class space    used 2487K, committed 2624K, reserved 1048576K
GC Heap History (20 events):
Event: 43216.464 GC heap before
{Heap before GC invocations=18 (full 11):
 garbage-first heap   total 131072K, used 12480K [0x00000000d1200000, 0x0000000100000000)
  region size 1024K, 6 young (6144K), 0 survivors (0K)
 Metaspace       used 23144K, committed 23488K, reserved 1073152K
  class space    used 2360K, committed 2496K, reserved 1048576K
}
Event: 43216.474 GC heap after
{Heap after GC invocations=19 (full 12):
 garbage-first heap   total 131072K, used 7360K [0x00000000d1200000, 0x0000000100000000)
  region size 1024K, 0 young (0K), 0 survivors (0K)
 Metaspace       used 23144K, committed 23488K, reserved 1073152K
  class space    used 2360K, committed 2496K, reserved 1048576K
}
Event: 46816.475 GC heap before
{Heap before GC invocations=19 (full 12):
 garbage-first heap   total 131072K, used 12480K [0x00000000d1200000, 0x0000000100000000)
  region size 1024K, 6 young (6144K), 0 survivors (0K)
 Metaspace       used 23145K, committed 23488K, reserved 1073152K
  class space    used 2360K, committed 2496K, reserved 1048576K
}
Event: 46816.486 GC heap after
{Heap after GC invocations=20 (full 13):
 garbage-first heap   total 131072K, used 7360K [0x00000000d1200000, 0x0000000100000000)
  region size 1024K, 0 young (0K), 0 survivors (0K)
 Metaspace       used 23145K, committed 23488K, reserved 1073152K
  class space    used 2360K, committed 2496K, reserved 1048576K
}
Event: 50416.487 GC heap before
{Heap before GC invocations=20 (full 13):
 garbage-first heap   total 131072K, used 12480K [0x00000000d1200000, 0x0000000100000000)
  region size 1024K, 6 young (6144K), 0 survivors (0K)
 Metaspace       used 23145K, committed 23488K, reserved 1073152K
  class space    used 2360K, committed 2496K, reserved 1048576K
}
Event: 50416.499 GC heap after
{Heap after GC invocations=21 (full 14):
 garbage-first heap   total 131072K, used 7360K [0x00000000d1200000, 0x0000000100000000)
  region size 1024K, 0 young (0K), 0 survivors (0K)
 Metaspace       used 23145K, committed 23488K, reserved 1073152K
  class space    used 2360K, committed 2496K, reserved 1048576K
}
Event: 54016.500 GC heap before
{Heap before GC invocations=21 (full 14):
 garbage-first heap   total 131072K, used 11456K [0x00000000d1200000, 0x0000000100000000)
  region size 1024K, 5 young (5120K), 0 survivors (0K)
 Metaspace       used 23145K, committed 23488K, reserved 1073152K
  class space    used 2360K, committed 2496K, reserved 1048576K
}
Event: 54016.513 GC heap after
{Heap after GC invocations=22 (full 15):
 garbage-first heap   total 131072K, used 7360K [0x00000000d1200000, 0x0000000100000000)
  region size 1024K, 0 young (0K), 0 survivors (0K)
 Metaspace       used 23145K, committed 23488K, reserved 1073152K
  class space    used 2360K, committed 2496K, reserved 1048576K
}
Event: 57616.514 GC heap before
{Heap before GC invocations=22 (full 15):
 garbage-first heap   total 131072K, used 12480K [0x00000000d1200000, 0x0000000100000000)
  region size 1024K, 6 young (6144K), 0 survivors (0K)
 Metaspace       used 23150K, committed 23488K, reserved 1073152K
  class space    used 2360K, committed 2496K, reserved 1048576K
}
Event: 57616.528 GC heap after
{Heap after GC invocations=23 (full 16):
 garbage-first heap   total 131072K, used 7361K [0x00000000d1200000, 0x0000000100000000)
  region size 1024K, 0 young (0K), 0 survivors (0K)
 Metaspace       used 23150K, committed 23488K, reserved 1073152K
  class space    used 2360K, committed 2496K, reserved 1048576K
}
Event: 61216.528 GC heap before
{Heap before GC invocations=23 (full 16):
 garbage-first heap   total 131072K, used 12481K [0x00000000d1200000, 0x0000000100000000)
  region size 1024K, 6 young (6144K), 0 survivors (0K)
 Metaspace       used 23157K, committed 23488K, reserved 1073152K
  class space    used 2360K, committed 2496K, reserved 1048576K
}
Event: 61216.536 GC heap after
{Heap after GC invocations=24 (full 17):
 garbage-first heap   total 131072K, used 7361K [0x00000000d1200000, 0x0000000100000000)
  region size 1024K, 0 young (0K), 0 survivors (0K)
 Metaspace       used 23157K, committed 23488K, reserved 1073152K
  class space    used 2360K, committed 2496K, reserved 1048576K
}
Event: 64816.537 GC heap before
{Heap before GC invocations=24 (full 17):
 garbage-first heap   total 131072K, used 38081K [0x00000000d1200000, 0x0000000100000000)
  region size 1024K, 31 young (31744K), 0 survivors (0K)
 Metaspace       used 23419K, committed 23680K, reserved 1073152K
  class space    used 2387K, committed 2496K, reserved 1048576K
}
Event: 64816.555 GC heap after
{Heap after GC invocations=25 (full 18):
 garbage-first heap   total 131072K, used 7889K [0x00000000d1200000, 0x0000000100000000)
  region size 1024K, 0 young (0K), 0 survivors (0K)
 Metaspace       used 23419K, committed 23680K, reserved 1073152K
  class space    used 2387K, committed 2496K, reserved 1048576K
}
Event: 68416.556 GC heap before
{Heap before GC invocations=25 (full 18):
 garbage-first heap   total 131072K, used 39633K [0x00000000d1200000, 0x0000000100000000)
  region size 1024K, 32 young (32768K), 0 survivors (0K)
 Metaspace       used 23459K, committed 23680K, reserved 1073152K
  class space    used 2389K, committed 2496K, reserved 1048576K
}
Event: 68416.585 GC heap after
{Heap after GC invocations=26 (full 19):
 garbage-first heap   total 131072K, used 7702K [0x00000000d1200000, 0x0000000100000000)
  region size 1024K, 0 young (0K), 0 survivors (0K)
 Metaspace       used 23456K, committed 23680K, reserved 1073152K
  class space    used 2389K, committed 2496K, reserved 1048576K
}
Event: 72016.586 GC heap before
{Heap before GC invocations=26 (full 19):
 garbage-first heap   total 131072K, used 37398K [0x00000000d1200000, 0x0000000100000000)
  region size 1024K, 30 young (30720K), 0 survivors (0K)
 Metaspace       used 23841K, committed 24128K, reserved 1073152K
  class space    used 2428K, committed 2560K, reserved 1048576K
}
Event: 72016.609 GC heap after
{Heap after GC invocations=27 (full 20):
 garbage-first heap   total 131072K, used 7830K [0x00000000d1200000, 0x0000000100000000)
  region size 1024K, 0 young (0K), 0 survivors (0K)
 Metaspace       used 23837K, committed 24128K, reserved 1073152K
  class space    used 2428K, committed 2560K, reserved 1048576K
}
Event: 75616.610 GC heap before
{Heap before GC invocations=27 (full 20):
 garbage-first heap   total 131072K, used 20118K [0x00000000d1200000, 0x0000000100000000)
  region size 1024K, 13 young (13312K), 0 survivors (0K)
 Metaspace       used 23919K, committed 24192K, reserved 1073152K
  class space    used 2433K, committed 2560K, reserved 1048576K
}
Event: 75616.622 GC heap after
{Heap after GC invocations=28 (full 21):
 garbage-first heap   total 131072K, used 7710K [0x00000000d1200000, 0x0000000100000000)
  region size 1024K, 0 young (0K), 0 survivors (0K)
 Metaspace       used 23874K, committed 24192K, reserved 1073152K
  class space    used 2425K, committed 2560K, reserved 1048576K
}

