# JRE version: OpenJDK Runtime Environment JBR-17.0.4+7-469.53-jcef (17.0.4+7) (build 17.0.4+7-b469.53)
# Java VM: OpenJDK 64-Bit Server VM JBR-17.0.4+7-469.53-jcef (17.0.4+7-b469.53, mixed mode, tiered, compressed oops, compressed class ptrs, g1 gc, windows-amd64)
GC Precious Log:
 CPUs: 6 total, 6 available
 Memory: 16227M
 Large Page Support: Disabled
 NUMA Support: Disabled
 Compressed Oops: Enabled (32-bit)
 Heap Region Size: 1M
 Heap Min Capacity: 128M
 Heap Initial Capacity: 128M
 Heap Max Capacity: 750M
 Pre-touch: Disabled
 Parallel Workers: 6
 Concurrent Workers: 2
 Concurrent Refinement Workers: 6
 Periodic GC: Disabled
Heap:
 garbage-first heap   total 131072K, used 16515K [0x00000000d1200000, 0x0000000100000000)
  region size 1024K, 10 young (10240K), 0 survivors (0K)
 Metaspace       used 23030K, committed 23296K, reserved 1073152K
  class space    used 2368K, committed 2496K, reserved 1048576K
GC Heap History (20 events):
Event: 61200.252 GC heap before
{Heap before GC invocations=17 (full 16):
 garbage-first heap   total 131072K, used 11299K [0x00000000d1200000, 0x0000000100000000)
  region size 1024K, 6 young (6144K), 0 survivors (0K)
 Metaspace       used 19267K, committed 19648K, reserved 1073152K
  class space    used 1924K, committed 2048K, reserved 1048576K
}
Event: 61200.262 GC heap after
{Heap after GC invocations=18 (full 17):
 garbage-first heap   total 131072K, used 6179K [0x00000000d1200000, 0x0000000100000000)
  region size 1024K, 0 young (0K), 0 survivors (0K)
 Metaspace       used 19267K, committed 19648K, reserved 1073152K
  class space    used 1924K, committed 2048K, reserved 1048576K
}
Event: 64800.264 GC heap before
{Heap before GC invocations=18 (full 17):
 garbage-first heap   total 131072K, used 11299K [0x00000000d1200000, 0x0000000100000000)
  region size 1024K, 6 young (6144K), 0 survivors (0K)
 Metaspace       used 19267K, committed 19648K, reserved 1073152K
  class space    used 1924K, committed 2048K, reserved 1048576K
}
Event: 64800.273 GC heap after
{Heap after GC invocations=19 (full 18):
 garbage-first heap   total 131072K, used 6179K [0x00000000d1200000, 0x0000000100000000)
  region size 1024K, 0 young (0K), 0 survivors (0K)
 Metaspace       used 19267K, committed 19648K, reserved 1073152K
  class space    used 1924K, committed 2048K, reserved 1048576K
}
Event: 68400.274 GC heap before
{Heap before GC invocations=19 (full 18):
 garbage-first heap   total 131072K, used 12323K [0x00000000d1200000, 0x0000000100000000)
  region size 1024K, 7 young (7168K), 0 survivors (0K)
 Metaspace       used 19271K, committed 19648K, reserved 1073152K
  class space    used 1924K, committed 2048K, reserved 1048576K
}
Event: 68400.290 GC heap after
{Heap after GC invocations=20 (full 19):
 garbage-first heap   total 131072K, used 6179K [0x00000000d1200000, 0x0000000100000000)
  region size 1024K, 0 young (0K), 0 survivors (0K)
 Metaspace       used 19271K, committed 19648K, reserved 1073152K
  class space    used 1924K, committed 2048K, reserved 1048576K
}
Event: 72000.291 GC heap before
{Heap before GC invocations=20 (full 19):
 garbage-first heap   total 131072K, used 13347K [0x00000000d1200000, 0x0000000100000000)
  region size 1024K, 8 young (8192K), 0 survivors (0K)
 Metaspace       used 19277K, committed 19648K, reserved 1073152K
  class space    used 1924K, committed 2048K, reserved 1048576K
}
Event: 72000.299 GC heap after
{Heap after GC invocations=21 (full 20):
 garbage-first heap   total 131072K, used 6179K [0x00000000d1200000, 0x0000000100000000)
  region size 1024K, 0 young (0K), 0 survivors (0K)
 Metaspace       used 19277K, committed 19648K, reserved 1073152K
  class space    used 1924K, committed 2048K, reserved 1048576K
}
Event: 75600.302 GC heap before
{Heap before GC invocations=21 (full 20):
 garbage-first heap   total 131072K, used 12323K [0x00000000d1200000, 0x0000000100000000)
  region size 1024K, 7 young (7168K), 0 survivors (0K)
 Metaspace       used 19289K, committed 19648K, reserved 1073152K
  class space    used 1924K, committed 2048K, reserved 1048576K
}
Event: 75600.311 GC heap after
{Heap after GC invocations=22 (full 21):
 garbage-first heap   total 131072K, used 6179K [0x00000000d1200000, 0x0000000100000000)
  region size 1024K, 0 young (0K), 0 survivors (0K)
 Metaspace       used 19289K, committed 19648K, reserved 1073152K
  class space    used 1924K, committed 2048K, reserved 1048576K
}
Event: 76852.818 GC heap before
{Heap before GC invocations=22 (full 21):
 garbage-first heap   total 131072K, used 32803K [0x00000000d1200000, 0x0000000100000000)
  region size 1024K, 26 young (26624K), 0 survivors (0K)
 Metaspace       used 22560K, committed 22784K, reserved 1073152K
  class space    used 2356K, committed 2432K, reserved 1048576K
}
Event: 76852.820 GC heap after
{Heap after GC invocations=23 (full 21):
 garbage-first heap   total 131072K, used 8083K [0x00000000d1200000, 0x0000000100000000)
  region size 1024K, 2 young (2048K), 2 survivors (2048K)
 Metaspace       used 22560K, committed 22784K, reserved 1073152K
  class space    used 2356K, committed 2432K, reserved 1048576K
}
Event: 79200.312 GC heap before
{Heap before GC invocations=23 (full 21):
 garbage-first heap   total 131072K, used 68499K [0x00000000d1200000, 0x0000000100000000)
  region size 1024K, 62 young (63488K), 2 survivors (2048K)
 Metaspace       used 23034K, committed 23296K, reserved 1073152K
  class space    used 2378K, committed 2496K, reserved 1048576K
}
Event: 79200.330 GC heap after
{Heap after GC invocations=24 (full 22):
 garbage-first heap   total 131072K, used 7677K [0x00000000d1200000, 0x0000000100000000)
  region size 1024K, 0 young (0K), 0 survivors (0K)
 Metaspace       used 22984K, committed 23296K, reserved 1073152K
  class space    used 2370K, committed 2496K, reserved 1048576K
}
Event: 82800.331 GC heap before
{Heap before GC invocations=24 (full 22):
 garbage-first heap   total 131072K, used 13821K [0x00000000d1200000, 0x0000000100000000)
  region size 1024K, 7 young (7168K), 0 survivors (0K)
 Metaspace       used 22991K, committed 23296K, reserved 1073152K
  class space    used 2371K, committed 2496K, reserved 1048576K
}
Event: 82800.341 GC heap after
{Heap after GC invocations=25 (full 23):
 garbage-first heap   total 131072K, used 7299K [0x00000000d1200000, 0x0000000100000000)
  region size 1024K, 0 young (0K), 0 survivors (0K)
 Metaspace       used 22914K, committed 23296K, reserved 1073152K
  class space    used 2357K, committed 2496K, reserved 1048576K
}
Event: 86400.343 GC heap before
{Heap before GC invocations=25 (full 23):
 garbage-first heap   total 131072K, used 13443K [0x00000000d1200000, 0x0000000100000000)
  region size 1024K, 7 young (7168K), 0 survivors (0K)
 Metaspace       used 22914K, committed 23296K, reserved 1073152K
  class space    used 2357K, committed 2496K, reserved 1048576K
}
Event: 86400.352 GC heap after
{Heap after GC invocations=26 (full 24):
 garbage-first heap   total 131072K, used 7297K [0x00000000d1200000, 0x0000000100000000)
  region size 1024K, 0 young (0K), 0 survivors (0K)
 Metaspace       used 22914K, committed 23296K, reserved 1073152K
  class space    used 2357K, committed 2496K, reserved 1048576K
}
Event: 90000.355 GC heap before
{Heap before GC invocations=26 (full 24):
 garbage-first heap   total 131072K, used 18561K [0x00000000d1200000, 0x0000000100000000)
  region size 1024K, 12 young (12288K), 0 survivors (0K)
 Metaspace       used 22916K, committed 23296K, reserved 1073152K
  class space    used 2357K, committed 2496K, reserved 1048576K
}
Event: 90000.388 GC heap after
{Heap after GC invocations=27 (full 25):
 garbage-first heap   total 131072K, used 7299K [0x00000000d1200000, 0x0000000100000000)
  region size 1024K, 0 young (0K), 0 survivors (0K)
 Metaspace       used 22916K, committed 23296K, reserved 1073152K
  class space    used 2357K, committed 2496K, reserved 1048576K
}

