# JRE version: OpenJDK Runtime Environment JBR-17.0.4+7-469.53-jcef (17.0.4+7) (build 17.0.4+7-b469.53)
# Java VM: OpenJDK 64-Bit Server VM JBR-17.0.4+7-469.53-jcef (17.0.4+7-b469.53, mixed mode, tiered, compressed oops, compressed class ptrs, g1 gc, windows-amd64)
GC Precious Log:
 CPUs: 6 total, 6 available
 Memory: 16227M
 Large Page Support: Disabled
 NUMA Support: Disabled
 Compressed Oops: Enabled (32-bit)
 Heap Region Size: 1M
 Heap Min Capacity: 128M
 Heap Initial Capacity: 128M
 Heap Max Capacity: 750M
 Pre-touch: Disabled
 Parallel Workers: 6
 Concurrent Workers: 2
 Concurrent Refinement Workers: 6
 Periodic GC: Disabled
Heap:
 garbage-first heap   total 131072K, used 32243K [0x00000000d1200000, 0x0000000100000000)
  region size 1024K, 27 young (27648K), 0 survivors (0K)
 Metaspace       used 21181K, committed 21440K, reserved 1073152K
  class space    used 2046K, committed 2176K, reserved 1048576K
GC Heap History (12 events):
Event: 1.046 GC heap before
{Heap before GC invocations=0 (full 0):
 garbage-first heap   total 131072K, used 21504K [0x00000000d1200000, 0x0000000100000000)
  region size 1024K, 21 young (21504K), 0 survivors (0K)
 Metaspace       used 17819K, committed 18048K, reserved 1064960K
  class space    used 1807K, committed 1920K, reserved 1048576K
}
Event: 1.049 GC heap after
{Heap after GC invocations=1 (full 0):
 garbage-first heap   total 131072K, used 5184K [0x00000000d1200000, 0x0000000100000000)
  region size 1024K, 3 young (3072K), 3 survivors (3072K)
 Metaspace       used 17819K, committed 18048K, reserved 1064960K
  class space    used 1807K, committed 1920K, reserved 1048576K
}
Event: 3228.940 GC heap before
{Heap before GC invocations=1 (full 0):
 garbage-first heap   total 131072K, used 26688K [0x00000000d1200000, 0x0000000100000000)
  region size 1024K, 24 young (24576K), 3 survivors (3072K)
 Metaspace       used 19750K, committed 19968K, reserved 1073152K
  class space    used 1938K, committed 2048K, reserved 1048576K
}
Event: 3228.946 GC heap after
{Heap after GC invocations=2 (full 0):
 garbage-first heap   total 131072K, used 6285K [0x00000000d1200000, 0x0000000100000000)
  region size 1024K, 1 young (1024K), 1 survivors (1024K)
 Metaspace       used 19750K, committed 19968K, reserved 1073152K
  class space    used 1938K, committed 2048K, reserved 1048576K
}
Event: 3600.012 GC heap before
{Heap before GC invocations=2 (full 0):
 garbage-first heap   total 131072K, used 11405K [0x00000000d1200000, 0x0000000100000000)
  region size 1024K, 7 young (7168K), 1 survivors (1024K)
 Metaspace       used 20010K, committed 20288K, reserved 1073152K
  class space    used 1965K, committed 2048K, reserved 1048576K
}
Event: 3600.028 GC heap after
{Heap after GC invocations=3 (full 1):
 garbage-first heap   total 131072K, used 5183K [0x00000000d1200000, 0x0000000100000000)
  region size 1024K, 0 young (0K), 0 survivors (0K)
 Metaspace       used 19862K, committed 20288K, reserved 1073152K
  class space    used 1932K, committed 2048K, reserved 1048576K
}
Event: 7200.030 GC heap before
{Heap before GC invocations=3 (full 1):
 garbage-first heap   total 131072K, used 14399K [0x00000000d1200000, 0x0000000100000000)
  region size 1024K, 10 young (10240K), 0 survivors (0K)
 Metaspace       used 19862K, committed 20288K, reserved 1073152K
  class space    used 1932K, committed 2048K, reserved 1048576K
}
Event: 7200.040 GC heap after
{Heap after GC invocations=4 (full 2):
 garbage-first heap   total 131072K, used 5177K [0x00000000d1200000, 0x0000000100000000)
  region size 1024K, 0 young (0K), 0 survivors (0K)
 Metaspace       used 19862K, committed 20288K, reserved 1073152K
  class space    used 1932K, committed 2048K, reserved 1048576K
}
Event: 10474.277 GC heap before
{Heap before GC invocations=4 (full 2):
 garbage-first heap   total 131072K, used 50233K [0x00000000d1200000, 0x0000000100000000)
  region size 1024K, 44 young (45056K), 0 survivors (0K)
 Metaspace       used 20367K, committed 20608K, reserved 1073152K
  class space    used 1984K, committed 2112K, reserved 1048576K
}
Event: 10474.278 GC heap after
{Heap after GC invocations=5 (full 2):
 garbage-first heap   total 131072K, used 5898K [0x00000000d1200000, 0x0000000100000000)
  region size 1024K, 1 young (1024K), 1 survivors (1024K)
 Metaspace       used 20367K, committed 20608K, reserved 1073152K
  class space    used 1984K, committed 2112K, reserved 1048576K
}
Event: 10800.042 GC heap before
{Heap before GC invocations=5 (full 2):
 garbage-first heap   total 131072K, used 32522K [0x00000000d1200000, 0x0000000100000000)
  region size 1024K, 28 young (28672K), 1 survivors (1024K)
 Metaspace       used 20619K, committed 20864K, reserved 1073152K
  class space    used 1994K, committed 2112K, reserved 1048576K
}
Event: 10800.059 GC heap after
{Heap after GC invocations=6 (full 3):
 garbage-first heap   total 131072K, used 5619K [0x00000000d1200000, 0x0000000100000000)
  region size 1024K, 0 young (0K), 0 survivors (0K)
 Metaspace       used 20582K, committed 20864K, reserved 1073152K
  class space    used 1986K, committed 2112K, reserved 1048576K
}

