# JRE version: OpenJDK Runtime Environment JBR-17.0.4+7-469.53-jcef (17.0.4+7) (build 17.0.4+7-b469.53)
# Java VM: OpenJDK 64-Bit Server VM JBR-17.0.4+7-469.53-jcef (17.0.4+7-b469.53, mixed mode, tiered, compressed oops, compressed class ptrs, g1 gc, windows-amd64)
GC Precious Log:
 CPUs: 6 total, 6 available
 Memory: 16227M
 Large Page Support: Disabled
 NUMA Support: Disabled
 Compressed Oops: Enabled (32-bit)
 Heap Region Size: 1M
 Heap Min Capacity: 128M
 Heap Initial Capacity: 128M
 Heap Max Capacity: 750M
 Pre-touch: Disabled
 Parallel Workers: 6
 Concurrent Workers: 2
 Concurrent Refinement Workers: 6
 Periodic GC: Disabled
Heap:
 garbage-first heap   total 131072K, used 15855K [0x00000000d1200000, 0x0000000100000000)
  region size 1024K, 6 young (6144K), 0 survivors (0K)
 Metaspace       used 23050K, committed 23360K, reserved 1073152K
  class space    used 2297K, committed 2432K, reserved 1048576K
GC Heap History (20 events):
Event: 147649.388 GC heap before
{Heap before GC invocations=43 (full 40):
 garbage-first heap   total 131072K, used 15846K [0x00000000d1200000, 0x0000000100000000)
  region size 1024K, 6 young (6144K), 0 survivors (0K)
 Metaspace       used 22820K, committed 23168K, reserved 1073152K
  class space    used 2277K, committed 2432K, reserved 1048576K
}
Event: 147649.401 GC heap after
{Heap after GC invocations=44 (full 41):
 garbage-first heap   total 131072K, used 10727K [0x00000000d1200000, 0x0000000100000000)
  region size 1024K, 0 young (0K), 0 survivors (0K)
 Metaspace       used 22820K, committed 23168K, reserved 1073152K
  class space    used 2277K, committed 2432K, reserved 1048576K
}
Event: 151249.401 GC heap before
{Heap before GC invocations=44 (full 41):
 garbage-first heap   total 131072K, used 17895K [0x00000000d1200000, 0x0000000100000000)
  region size 1024K, 8 young (8192K), 0 survivors (0K)
 Metaspace       used 22849K, committed 23232K, reserved 1073152K
  class space    used 2278K, committed 2432K, reserved 1048576K
}
Event: 151249.409 GC heap after
{Heap after GC invocations=45 (full 42):
 garbage-first heap   total 131072K, used 10727K [0x00000000d1200000, 0x0000000100000000)
  region size 1024K, 0 young (0K), 0 survivors (0K)
 Metaspace       used 22849K, committed 23232K, reserved 1073152K
  class space    used 2278K, committed 2432K, reserved 1048576K
}
Event: 154849.410 GC heap before
{Heap before GC invocations=45 (full 42):
 garbage-first heap   total 131072K, used 26087K [0x00000000d1200000, 0x0000000100000000)
  region size 1024K, 16 young (16384K), 0 survivors (0K)
 Metaspace       used 23066K, committed 23360K, reserved 1073152K
  class space    used 2303K, committed 2432K, reserved 1048576K
}
Event: 154849.426 GC heap after
{Heap after GC invocations=46 (full 43):
 garbage-first heap   total 131072K, used 11271K [0x00000000d1200000, 0x0000000100000000)
  region size 1024K, 0 young (0K), 0 survivors (0K)
 Metaspace       used 23066K, committed 23360K, reserved 1073152K
  class space    used 2303K, committed 2432K, reserved 1048576K
}
Event: 158449.428 GC heap before
{Heap before GC invocations=46 (full 43):
 garbage-first heap   total 131072K, used 21511K [0x00000000d1200000, 0x0000000100000000)
  region size 1024K, 11 young (11264K), 0 survivors (0K)
 Metaspace       used 23066K, committed 23360K, reserved 1073152K
  class space    used 2303K, committed 2432K, reserved 1048576K
}
Event: 158449.468 GC heap after
{Heap after GC invocations=47 (full 44):
 garbage-first heap   total 131072K, used 10740K [0x00000000d1200000, 0x0000000100000000)
  region size 1024K, 0 young (0K), 0 survivors (0K)
 Metaspace       used 22932K, committed 23296K, reserved 1073152K
  class space    used 2280K, committed 2432K, reserved 1048576K
}
Event: 162049.479 GC heap before
{Heap before GC invocations=47 (full 44):
 garbage-first heap   total 131072K, used 15860K [0x00000000d1200000, 0x0000000100000000)
  region size 1024K, 6 young (6144K), 0 survivors (0K)
 Metaspace       used 22932K, committed 23296K, reserved 1073152K
  class space    used 2280K, committed 2432K, reserved 1048576K
}
Event: 162049.492 GC heap after
{Heap after GC invocations=48 (full 45):
 garbage-first heap   total 131072K, used 10735K [0x00000000d1200000, 0x0000000100000000)
  region size 1024K, 0 young (0K), 0 survivors (0K)
 Metaspace       used 22932K, committed 23296K, reserved 1073152K
  class space    used 2280K, committed 2432K, reserved 1048576K
}
Event: 165649.493 GC heap before
{Heap before GC invocations=48 (full 45):
 garbage-first heap   total 131072K, used 15855K [0x00000000d1200000, 0x0000000100000000)
  region size 1024K, 6 young (6144K), 0 survivors (0K)
 Metaspace       used 22932K, committed 23296K, reserved 1073152K
  class space    used 2280K, committed 2432K, reserved 1048576K
}
Event: 165649.513 GC heap after
{Heap after GC invocations=49 (full 46):
 garbage-first heap   total 131072K, used 10735K [0x00000000d1200000, 0x0000000100000000)
  region size 1024K, 0 young (0K), 0 survivors (0K)
 Metaspace       used 22932K, committed 23296K, reserved 1073152K
  class space    used 2280K, committed 2432K, reserved 1048576K
}
Event: 169249.514 GC heap before
{Heap before GC invocations=49 (full 46):
 garbage-first heap   total 131072K, used 16879K [0x00000000d1200000, 0x0000000100000000)
  region size 1024K, 7 young (7168K), 0 survivors (0K)
 Metaspace       used 22932K, committed 23296K, reserved 1073152K
  class space    used 2280K, committed 2432K, reserved 1048576K
}
Event: 169249.522 GC heap after
{Heap after GC invocations=50 (full 47):
 garbage-first heap   total 131072K, used 10735K [0x00000000d1200000, 0x0000000100000000)
  region size 1024K, 0 young (0K), 0 survivors (0K)
 Metaspace       used 22932K, committed 23296K, reserved 1073152K
  class space    used 2280K, committed 2432K, reserved 1048576K
}
Event: 172849.532 GC heap before
{Heap before GC invocations=50 (full 47):
 garbage-first heap   total 131072K, used 17903K [0x00000000d1200000, 0x0000000100000000)
  region size 1024K, 8 young (8192K), 0 survivors (0K)
 Metaspace       used 22932K, committed 23296K, reserved 1073152K
  class space    used 2280K, committed 2432K, reserved 1048576K
}
Event: 172849.546 GC heap after
{Heap after GC invocations=51 (full 48):
 garbage-first heap   total 131072K, used 10735K [0x00000000d1200000, 0x0000000100000000)
  region size 1024K, 0 young (0K), 0 survivors (0K)
 Metaspace       used 22932K, committed 23296K, reserved 1073152K
  class space    used 2280K, committed 2432K, reserved 1048576K
}
Event: 176449.547 GC heap before
{Heap before GC invocations=51 (full 48):
 garbage-first heap   total 131072K, used 16879K [0x00000000d1200000, 0x0000000100000000)
  region size 1024K, 7 young (7168K), 0 survivors (0K)
 Metaspace       used 22932K, committed 23296K, reserved 1073152K
  class space    used 2280K, committed 2432K, reserved 1048576K
}
Event: 176449.556 GC heap after
{Heap after GC invocations=52 (full 49):
 garbage-first heap   total 131072K, used 10735K [0x00000000d1200000, 0x0000000100000000)
  region size 1024K, 0 young (0K), 0 survivors (0K)
 Metaspace       used 22932K, committed 23296K, reserved 1073152K
  class space    used 2280K, committed 2432K, reserved 1048576K
}
Event: 180049.557 GC heap before
{Heap before GC invocations=52 (full 49):
 garbage-first heap   total 131072K, used 17903K [0x00000000d1200000, 0x0000000100000000)
  region size 1024K, 8 young (8192K), 0 survivors (0K)
 Metaspace       used 22932K, committed 23296K, reserved 1073152K
  class space    used 2280K, committed 2432K, reserved 1048576K
}
Event: 180049.578 GC heap after
{Heap after GC invocations=53 (full 50):
 garbage-first heap   total 131072K, used 10735K [0x00000000d1200000, 0x0000000100000000)
  region size 1024K, 0 young (0K), 0 survivors (0K)
 Metaspace       used 22932K, committed 23296K, reserved 1073152K
  class space    used 2280K, committed 2432K, reserved 1048576K
}

