# JRE version: OpenJDK Runtime Environment JBR-17.0.4+7-469.53-jcef (17.0.4+7) (build 17.0.4+7-b469.53)
# Java VM: OpenJDK 64-Bit Server VM JBR-17.0.4+7-469.53-jcef (17.0.4+7-b469.53, mixed mode, tiered, compressed oops, compressed class ptrs, g1 gc, windows-amd64)
GC Precious Log:
 CPUs: 6 total, 6 available
 Memory: 16227M
 Large Page Support: Disabled
 NUMA Support: Disabled
 Compressed Oops: Enabled (32-bit)
 Heap Region Size: 1M
 Heap Min Capacity: 128M
 Heap Initial Capacity: 128M
 Heap Max Capacity: 750M
 Pre-touch: Disabled
 Parallel Workers: 6
 Concurrent Workers: 2
 Concurrent Refinement Workers: 6
 Periodic GC: Disabled
Heap:
 garbage-first heap   total 131072K, used 18965K [0x00000000d1200000, 0x0000000100000000)
  region size 1024K, 9 young (9216K), 0 survivors (0K)
 Metaspace       used 22705K, committed 22912K, reserved 1073152K
  class space    used 2295K, committed 2432K, reserved 1048576K
GC Heap History (20 events):
Event: 46823.532 GC heap before
{Heap before GC invocations=15 (full 12):
 garbage-first heap   total 131072K, used 15889K [0x00000000d1200000, 0x0000000100000000)
  region size 1024K, 6 young (6144K), 0 survivors (0K)
 Metaspace       used 22468K, committed 22848K, reserved 1073152K
  class space    used 2271K, committed 2432K, reserved 1048576K
}
Event: 46823.541 GC heap after
{Heap after GC invocations=16 (full 13):
 garbage-first heap   total 131072K, used 10769K [0x00000000d1200000, 0x0000000100000000)
  region size 1024K, 0 young (0K), 0 survivors (0K)
 Metaspace       used 22468K, committed 22848K, reserved 1073152K
  class space    used 2271K, committed 2432K, reserved 1048576K
}
Event: 50423.542 GC heap before
{Heap before GC invocations=16 (full 13):
 garbage-first heap   total 131072K, used 15889K [0x00000000d1200000, 0x0000000100000000)
  region size 1024K, 6 young (6144K), 0 survivors (0K)
 Metaspace       used 22469K, committed 22848K, reserved 1073152K
  class space    used 2271K, committed 2432K, reserved 1048576K
}
Event: 50423.551 GC heap after
{Heap after GC invocations=17 (full 14):
 garbage-first heap   total 131072K, used 10770K [0x00000000d1200000, 0x0000000100000000)
  region size 1024K, 0 young (0K), 0 survivors (0K)
 Metaspace       used 22469K, committed 22848K, reserved 1073152K
  class space    used 2271K, committed 2432K, reserved 1048576K
}
Event: 54023.552 GC heap before
{Heap before GC invocations=17 (full 14):
 garbage-first heap   total 131072K, used 15890K [0x00000000d1200000, 0x0000000100000000)
  region size 1024K, 6 young (6144K), 0 survivors (0K)
 Metaspace       used 22469K, committed 22848K, reserved 1073152K
  class space    used 2271K, committed 2432K, reserved 1048576K
}
Event: 54023.560 GC heap after
{Heap after GC invocations=18 (full 15):
 garbage-first heap   total 131072K, used 10770K [0x00000000d1200000, 0x0000000100000000)
  region size 1024K, 0 young (0K), 0 survivors (0K)
 Metaspace       used 22469K, committed 22848K, reserved 1073152K
  class space    used 2271K, committed 2432K, reserved 1048576K
}
Event: 57623.560 GC heap before
{Heap before GC invocations=18 (full 15):
 garbage-first heap   total 131072K, used 15890K [0x00000000d1200000, 0x0000000100000000)
  region size 1024K, 6 young (6144K), 0 survivors (0K)
 Metaspace       used 22470K, committed 22848K, reserved 1073152K
  class space    used 2271K, committed 2432K, reserved 1048576K
}
Event: 57623.573 GC heap after
{Heap after GC invocations=19 (full 16):
 garbage-first heap   total 131072K, used 10770K [0x00000000d1200000, 0x0000000100000000)
  region size 1024K, 0 young (0K), 0 survivors (0K)
 Metaspace       used 22470K, committed 22848K, reserved 1073152K
  class space    used 2271K, committed 2432K, reserved 1048576K
}
Event: 61223.574 GC heap before
{Heap before GC invocations=19 (full 16):
 garbage-first heap   total 131072K, used 15890K [0x00000000d1200000, 0x0000000100000000)
  region size 1024K, 6 young (6144K), 0 survivors (0K)
 Metaspace       used 22471K, committed 22848K, reserved 1073152K
  class space    used 2271K, committed 2432K, reserved 1048576K
}
Event: 61223.581 GC heap after
{Heap after GC invocations=20 (full 17):
 garbage-first heap   total 131072K, used 10770K [0x00000000d1200000, 0x0000000100000000)
  region size 1024K, 0 young (0K), 0 survivors (0K)
 Metaspace       used 22471K, committed 22848K, reserved 1073152K
  class space    used 2271K, committed 2432K, reserved 1048576K
}
Event: 64823.582 GC heap before
{Heap before GC invocations=20 (full 17):
 garbage-first heap   total 131072K, used 15890K [0x00000000d1200000, 0x0000000100000000)
  region size 1024K, 6 young (6144K), 0 survivors (0K)
 Metaspace       used 22476K, committed 22848K, reserved 1073152K
  class space    used 2271K, committed 2432K, reserved 1048576K
}
Event: 64823.591 GC heap after
{Heap after GC invocations=21 (full 18):
 garbage-first heap   total 131072K, used 10770K [0x00000000d1200000, 0x0000000100000000)
  region size 1024K, 0 young (0K), 0 survivors (0K)
 Metaspace       used 22476K, committed 22848K, reserved 1073152K
  class space    used 2271K, committed 2432K, reserved 1048576K
}
Event: 68423.592 GC heap before
{Heap before GC invocations=21 (full 18):
 garbage-first heap   total 131072K, used 15890K [0x00000000d1200000, 0x0000000100000000)
  region size 1024K, 6 young (6144K), 0 survivors (0K)
 Metaspace       used 22494K, committed 22848K, reserved 1073152K
  class space    used 2271K, committed 2432K, reserved 1048576K
}
Event: 68423.611 GC heap after
{Heap after GC invocations=22 (full 19):
 garbage-first heap   total 131072K, used 10770K [0x00000000d1200000, 0x0000000100000000)
  region size 1024K, 0 young (0K), 0 survivors (0K)
 Metaspace       used 22494K, committed 22848K, reserved 1073152K
  class space    used 2271K, committed 2432K, reserved 1048576K
}
Event: 72023.611 GC heap before
{Heap before GC invocations=22 (full 19):
 garbage-first heap   total 131072K, used 15890K [0x00000000d1200000, 0x0000000100000000)
  region size 1024K, 6 young (6144K), 0 survivors (0K)
 Metaspace       used 22506K, committed 22848K, reserved 1073152K
  class space    used 2271K, committed 2432K, reserved 1048576K
}
Event: 72023.618 GC heap after
{Heap after GC invocations=23 (full 20):
 garbage-first heap   total 131072K, used 10770K [0x00000000d1200000, 0x0000000100000000)
  region size 1024K, 0 young (0K), 0 survivors (0K)
 Metaspace       used 22506K, committed 22848K, reserved 1073152K
  class space    used 2271K, committed 2432K, reserved 1048576K
}
Event: 75623.619 GC heap before
{Heap before GC invocations=23 (full 20):
 garbage-first heap   total 131072K, used 15890K [0x00000000d1200000, 0x0000000100000000)
  region size 1024K, 6 young (6144K), 0 survivors (0K)
 Metaspace       used 22540K, committed 22848K, reserved 1073152K
  class space    used 2271K, committed 2432K, reserved 1048576K
}
Event: 75623.627 GC heap after
{Heap after GC invocations=24 (full 21):
 garbage-first heap   total 131072K, used 10770K [0x00000000d1200000, 0x0000000100000000)
  region size 1024K, 0 young (0K), 0 survivors (0K)
 Metaspace       used 22540K, committed 22848K, reserved 1073152K
  class space    used 2271K, committed 2432K, reserved 1048576K
}
Event: 79223.627 GC heap before
{Heap before GC invocations=24 (full 21):
 garbage-first heap   total 131072K, used 16914K [0x00000000d1200000, 0x0000000100000000)
  region size 1024K, 7 young (7168K), 0 survivors (0K)
 Metaspace       used 22563K, committed 22912K, reserved 1073152K
  class space    used 2271K, committed 2432K, reserved 1048576K
}
Event: 79223.634 GC heap after
{Heap after GC invocations=25 (full 22):
 garbage-first heap   total 131072K, used 10773K [0x00000000d1200000, 0x0000000100000000)
  region size 1024K, 0 young (0K), 0 survivors (0K)
 Metaspace       used 22563K, committed 22912K, reserved 1073152K
  class space    used 2271K, committed 2432K, reserved 1048576K
}

