# JRE version: OpenJDK Runtime Environment JBR-17.0.4+7-469.53-jcef (17.0.4+7) (build 17.0.4+7-b469.53)
# Java VM: OpenJDK 64-Bit Server VM JBR-17.0.4+7-469.53-jcef (17.0.4+7-b469.53, mixed mode, tiered, compressed oops, compressed class ptrs, g1 gc, windows-amd64)
GC Precious Log:
 CPUs: 6 total, 6 available
 Memory: 16227M
 Large Page Support: Disabled
 NUMA Support: Disabled
 Compressed Oops: Enabled (32-bit)
 Heap Region Size: 1M
 Heap Min Capacity: 128M
 Heap Initial Capacity: 128M
 Heap Max Capacity: 750M
 Pre-touch: Disabled
 Parallel Workers: 6
 Concurrent Workers: 2
 Concurrent Refinement Workers: 6
 Periodic GC: Disabled
Heap:
 garbage-first heap   total 131072K, used 26812K [0x00000000d1200000, 0x0000000100000000)
  region size 1024K, 20 young (20480K), 0 survivors (0K)
 Metaspace       used 24123K, committed 24320K, reserved 1073152K
  class space    used 2433K, committed 2560K, reserved 1048576K
GC Heap History (20 events):
Event: 309610.456 GC heap before
{Heap before GC invocations=89 (full 85):
 garbage-first heap   total 131072K, used 12194K [0x00000000d1200000, 0x0000000100000000)
  region size 1024K, 6 young (6144K), 0 survivors (0K)
 Metaspace       used 23334K, committed 23744K, reserved 1073152K
  class space    used 2355K, committed 2496K, reserved 1048576K
}
Event: 309610.470 GC heap after
{Heap after GC invocations=90 (full 86):
 garbage-first heap   total 131072K, used 7074K [0x00000000d1200000, 0x0000000100000000)
  region size 1024K, 0 young (0K), 0 survivors (0K)
 Metaspace       used 23334K, committed 23744K, reserved 1073152K
  class space    used 2355K, committed 2496K, reserved 1048576K
}
Event: 313210.471 GC heap before
{Heap before GC invocations=90 (full 86):
 garbage-first heap   total 131072K, used 12194K [0x00000000d1200000, 0x0000000100000000)
  region size 1024K, 6 young (6144K), 0 survivors (0K)
 Metaspace       used 23334K, committed 23744K, reserved 1073152K
  class space    used 2355K, committed 2496K, reserved 1048576K
}
Event: 313210.485 GC heap after
{Heap after GC invocations=91 (full 87):
 garbage-first heap   total 131072K, used 7074K [0x00000000d1200000, 0x0000000100000000)
  region size 1024K, 0 young (0K), 0 survivors (0K)
 Metaspace       used 23334K, committed 23744K, reserved 1073152K
  class space    used 2355K, committed 2496K, reserved 1048576K
}
Event: 316810.486 GC heap before
{Heap before GC invocations=91 (full 87):
 garbage-first heap   total 131072K, used 12194K [0x00000000d1200000, 0x0000000100000000)
  region size 1024K, 6 young (6144K), 0 survivors (0K)
 Metaspace       used 23334K, committed 23744K, reserved 1073152K
  class space    used 2355K, committed 2496K, reserved 1048576K
}
Event: 316810.495 GC heap after
{Heap after GC invocations=92 (full 88):
 garbage-first heap   total 131072K, used 7074K [0x00000000d1200000, 0x0000000100000000)
  region size 1024K, 0 young (0K), 0 survivors (0K)
 Metaspace       used 23334K, committed 23744K, reserved 1073152K
  class space    used 2355K, committed 2496K, reserved 1048576K
}
Event: 320410.496 GC heap before
{Heap before GC invocations=92 (full 88):
 garbage-first heap   total 131072K, used 11170K [0x00000000d1200000, 0x0000000100000000)
  region size 1024K, 5 young (5120K), 0 survivors (0K)
 Metaspace       used 23334K, committed 23744K, reserved 1073152K
  class space    used 2355K, committed 2496K, reserved 1048576K
}
Event: 320410.509 GC heap after
{Heap after GC invocations=93 (full 89):
 garbage-first heap   total 131072K, used 7074K [0x00000000d1200000, 0x0000000100000000)
  region size 1024K, 0 young (0K), 0 survivors (0K)
 Metaspace       used 23334K, committed 23744K, reserved 1073152K
  class space    used 2355K, committed 2496K, reserved 1048576K
}
Event: 324010.509 GC heap before
{Heap before GC invocations=93 (full 89):
 garbage-first heap   total 131072K, used 12194K [0x00000000d1200000, 0x0000000100000000)
  region size 1024K, 6 young (6144K), 0 survivors (0K)
 Metaspace       used 23334K, committed 23744K, reserved 1073152K
  class space    used 2355K, committed 2496K, reserved 1048576K
}
Event: 324010.523 GC heap after
{Heap after GC invocations=94 (full 90):
 garbage-first heap   total 131072K, used 7074K [0x00000000d1200000, 0x0000000100000000)
  region size 1024K, 0 young (0K), 0 survivors (0K)
 Metaspace       used 23334K, committed 23744K, reserved 1073152K
  class space    used 2355K, committed 2496K, reserved 1048576K
}
Event: 327610.524 GC heap before
{Heap before GC invocations=94 (full 90):
 garbage-first heap   total 131072K, used 12194K [0x00000000d1200000, 0x0000000100000000)
  region size 1024K, 6 young (6144K), 0 survivors (0K)
 Metaspace       used 23334K, committed 23744K, reserved 1073152K
  class space    used 2355K, committed 2496K, reserved 1048576K
}
Event: 327610.537 GC heap after
{Heap after GC invocations=95 (full 91):
 garbage-first heap   total 131072K, used 7074K [0x00000000d1200000, 0x0000000100000000)
  region size 1024K, 0 young (0K), 0 survivors (0K)
 Metaspace       used 23334K, committed 23744K, reserved 1073152K
  class space    used 2355K, committed 2496K, reserved 1048576K
}
Event: 331210.538 GC heap before
{Heap before GC invocations=95 (full 91):
 garbage-first heap   total 131072K, used 13218K [0x00000000d1200000, 0x0000000100000000)
  region size 1024K, 7 young (7168K), 0 survivors (0K)
 Metaspace       used 23334K, committed 23744K, reserved 1073152K
  class space    used 2355K, committed 2496K, reserved 1048576K
}
Event: 331210.548 GC heap after
{Heap after GC invocations=96 (full 92):
 garbage-first heap   total 131072K, used 7074K [0x00000000d1200000, 0x0000000100000000)
  region size 1024K, 0 young (0K), 0 survivors (0K)
 Metaspace       used 23334K, committed 23744K, reserved 1073152K
  class space    used 2355K, committed 2496K, reserved 1048576K
}
Event: 334810.548 GC heap before
{Heap before GC invocations=96 (full 92):
 garbage-first heap   total 131072K, used 69538K [0x00000000d1200000, 0x0000000100000000)
  region size 1024K, 62 young (63488K), 0 survivors (0K)
 Metaspace       used 23627K, committed 23872K, reserved 1073152K
  class space    used 2388K, committed 2496K, reserved 1048576K
}
Event: 334810.560 GC heap after
{Heap after GC invocations=97 (full 93):
 garbage-first heap   total 131072K, used 7868K [0x00000000d1200000, 0x0000000100000000)
  region size 1024K, 0 young (0K), 0 survivors (0K)
 Metaspace       used 23627K, committed 23872K, reserved 1073152K
  class space    used 2388K, committed 2496K, reserved 1048576K
}
Event: 338352.813 GC heap before
{Heap before GC invocations=97 (full 93):
 garbage-first heap   total 131072K, used 85692K [0x00000000d1200000, 0x0000000100000000)
  region size 1024K, 76 young (77824K), 0 survivors (0K)
 Metaspace       used 23784K, committed 24000K, reserved 1073152K
  class space    used 2396K, committed 2496K, reserved 1048576K
}
Event: 338352.815 GC heap after
{Heap after GC invocations=98 (full 93):
 garbage-first heap   total 131072K, used 8203K [0x00000000d1200000, 0x0000000100000000)
  region size 1024K, 1 young (1024K), 1 survivors (1024K)
 Metaspace       used 23784K, committed 24000K, reserved 1073152K
  class space    used 2396K, committed 2496K, reserved 1048576K
}
Event: 338410.560 GC heap before
{Heap before GC invocations=98 (full 93):
 garbage-first heap   total 131072K, used 10251K [0x00000000d1200000, 0x0000000100000000)
  region size 1024K, 4 young (4096K), 1 survivors (1024K)
 Metaspace       used 23798K, committed 24000K, reserved 1073152K
  class space    used 2398K, committed 2496K, reserved 1048576K
}
Event: 338410.577 GC heap after
{Heap after GC invocations=99 (full 94):
 garbage-first heap   total 131072K, used 7356K [0x00000000d1200000, 0x0000000100000000)
  region size 1024K, 0 young (0K), 0 survivors (0K)
 Metaspace       used 23649K, committed 24000K, reserved 1073152K
  class space    used 2375K, committed 2496K, reserved 1048576K
}

